<?xml version="1.0" encoding="UTF-8"?>
<testng-results ignored="1" total="2" passed="1" failed="0" skipped="0">
  <reporter-output>
  </reporter-output>
  <suite started-at="2021-02-21T14:22:51 IST" name="Default suite" finished-at="2021-02-21T14:23:00 IST" duration-ms="8762">
    <groups>
    </groups>
    <test started-at="2021-02-21T14:22:51 IST" name="Default test" finished-at="2021-02-21T14:23:00 IST" duration-ms="8762">
      <class name="com.htc.ReadDemoExcel.Test.TestRegistration">
        <test-method is-config="true" signature="loadProptiesFile()[pri:0, instance:com.htc.ReadDemoExcel.Test.TestRegistration@1ba9117e]" started-at="2021-02-21T14:22:51 IST" name="loadProptiesFile" finished-at="2021-02-21T14:22:51 IST" duration-ms="7" status="PASS">
          <reporter-output>
          </reporter-output>
        </test-method> <!-- loadProptiesFile -->
        <test-method is-config="true" signature="setup()[pri:0, instance:com.htc.ReadDemoExcel.Test.TestRegistration@1ba9117e]" started-at="2021-02-21T14:22:53 IST" name="setup" finished-at="2021-02-21T14:22:58 IST" duration-ms="5656" status="PASS">
          <reporter-output>
          </reporter-output>
        </test-method> <!-- setup -->
        <test-method signature="testBrowserStackSignin_InValidloginCredential_ShouldErrorInSigninPage([Ljava.lang.String;)[pri:0, instance:com.htc.ReadDemoExcel.Test.TestRegistration@1ba9117e]" started-at="2021-02-21T14:22:58 IST" name="testBrowserStackSignin_InValidloginCredential_ShouldErrorInSigninPage" data-provider="browserStackSigninInValidData" finished-at="2021-02-21T14:23:00 IST" duration-ms="1616" status="PASS">
          <params>
            <param index="0">
              <value>
                <![CDATA[[Ljava.lang.String;@3f29e26]]>
              </value>
            </param>
          </params>
          <reporter-output>
          </reporter-output>
        </test-method> <!-- testBrowserStackSignin_InValidloginCredential_ShouldErrorInSigninPage -->
      </class> <!-- com.htc.ReadDemoExcel.Test.TestRegistration -->
    </test> <!-- Default test -->
  </suite> <!-- Default suite -->
</testng-results>
