<?xml version="1.0" encoding="UTF-8"?>
<!-- Generated by org.testng.reporters.JUnitXMLReporter -->
<testsuite ignored="1" hostname="LAPTOP-9FCANJ1H" failures="0" tests="1" name="Default test" time="8.762" errors="0" timestamp="2021-02-21T14:23:00 IST">
  <testcase classname="com.htc.ReadDemoExcel.Test.TestRegistration" name="testBrowserStackSignin_InValidloginCredential_ShouldErrorInSigninPage" time="1.616"/>
  <testcase classname="com.htc.ReadDemoExcel.Test.TestRegistration" name="testBrowserStackSignin_ValidloginCredential_ShouldDisplayDashboard" time="0.0">
    <ignored/>
  </testcase> <!-- testBrowserStackSignin_ValidloginCredential_ShouldDisplayDashboard -->
</testsuite> <!-- Default test -->
